line 0:432545345 - test failed
line 1:fgmmgbm34151 - test failed
line 2:123089 - test passed
line 3:f - test failed
line 4:252531 - test passed
line 5:saf;kkpe - test failed
line 6:112 - test passed
line 7:0 - test passed
line 8:jagprjgbabrbarbgar - test failed
line 9:123 - test passed
line 10:aoerfoanf - test failed
line 11:128 - test passed
line 12:00000 - test failed
line 13:ajfsjfajf - test failed
line 14:89054 - test passed
line 15:704&&&&8980 - test failed
line 16:werpweqptpwtm,mczm.xmvzmvl;af;sdkfpoqwtrpoityuu - test failed
line 17:12412 - test passed
line 18:-24.234 - test passed
line 19:-95.2135 - test passed
line 20:0.2134 - test passed
