line 1:432545345 - test failed
line 2:fgmmgbm34151 - test failed
line 3: 123089 - test passed
line 4:f - test failed
line 5: 252531 - test passed
line 6:saf;kkpe - test failed
line 7: 112 - test passed
line 8: 0 - test passed
line 9:jagprjgbabrbarbgar - test failed
line 10: 123 - test passed
line 11:aoerfoanf - test failed
line 12: 128 - test passed
line 13:00000 - test failed
line 14:ajfsjfajf - test failed
line 15: 89054 - test passed
line 16:704&&&&8980 - test failed
line 17:werpweqptpwtm,mczm.xmvzmvl;af;sdkfpoqwtrpoityuu - test failed
line 18: 12412 - test passed
line 19: -24.234 - test passed
line 20: -95.2135 - test passed
line 21: 0.2134 - test passed
